2024-09-11 13:02:23.081 - DBeaver 24.2.0.202409011551 is starting
2024-09-11 13:02:23.082 - OS: Windows 10 10.0 (amd64)
2024-09-11 13:02:23.082 - Java version: 17.0.6 by Eclipse Adoptium (64bit)
2024-09-11 13:02:23.083 - Install path: 'C:\Program Files\DBeaver'
2024-09-11 13:02:23.083 - Instance path: 'file:/C:/source/oraclesource/'
2024-09-11 13:02:23.086 - Memory available 64Mb/1024Mb
2024-09-11 13:02:23.097 - Create display
2024-09-11 13:02:23.249 - Initialize desktop platform...
2024-09-11 13:02:23.256 - send collected statistics
2024-09-11 13:02:23.439 - BounceCastle bundle found. Use JCE provider BC
> Start Core File Systems [org.eclipse.core.filesystem 1.10.400.v20240426-1040]
> Start Core Resource Management [org.eclipse.core.resources 3.20.200.v20240513-1323]
> Start 팀 지원 핵심 [org.eclipse.team.core 3.10.400.v20240413-1529]
> Start DBeaver UI Navigator [org.jkiss.dbeaver.ui.navigator 1.0.138.202409011551]
2024-09-11 13:02:23.680 - Initialize base platform...
2024-09-11 13:02:23.715 - Platform initialized (466ms)
> Start DBeaver UI Editors - Base [org.jkiss.dbeaver.ui.editors.base 1.0.138.202409011551]
2024-09-11 13:02:23.816 - Starting instance server at http://localhost:63462
2024-09-11 13:02:23.847 - Run workbench
> Start Eclipse e4 작업영역 SWT [org.eclipse.e4.ui.workbench.swt 0.17.400.v20240425-0840]
> Start Eclipse Application Services [org.eclipse.e4.core.services 2.4.400.v20240413-1529]
> Start Eclipse UI Application Services [org.eclipse.e4.ui.services 1.6.300.v20231201-1637]
> Start Eclipse e4 Progress View [org.eclipse.e4.ui.progress 0.4.400.v20240424-0956]
> Start Eclipse Bindings Support [org.eclipse.e4.ui.bindings 0.14.400.v20240321-1245]
> Start Eclipse e4 core commands [org.eclipse.e4.core.commands 1.1.400.v20240424-0444]
> Start EMF XML/XMI Persistence [org.eclipse.emf.ecore.xmi 2.37.0.v20231208-1346]
> Start Eclipse CSS SWT Theme Support [org.eclipse.e4.ui.css.swt.theme 0.14.400.v20240424-0956]
> Start Eclipse e4 작업영역 기능 추가 [org.eclipse.e4.ui.workbench.addons.swt 1.5.400.v20240416-0658]
Warning: NLS unused message: 이유 in: org.eclipse.ui.internal.messages
> Start Eclipse e4 작업영역 SWT 렌더러 [org.eclipse.e4.ui.workbench.renderers.swt 0.16.400.v20240418-1547]
> Start Eclipse Dependency Injection Extensions [org.eclipse.e4.core.di.extensions 0.18.300.v20240413-1529]
> Start Eclipse CSS SWT Support [org.eclipse.e4.ui.css.swt 0.15.400.v20240321-1245]
> Start 기본 문서 편집기 [org.eclipse.ui.editors 3.17.300.v20240524-2010]
> Start 텍스트 편집기 프레임워크 [org.eclipse.ui.workbench.texteditor 3.17.400.v20240524-2010]
2024-09-11 13:02:33.586 - Configure workbench window
> Start DBeaver SQL Model [org.jkiss.dbeaver.model.sql 1.0.128.202409011551]
2024-09-11 13:02:33.772 - Total database drivers: 119 (119)
> Start 도움말 시스템 코어 [org.eclipse.help 3.10.400.v20240415-0528]
2024-09-11 13:02:33.924 - Create actions
2024-09-11 13:02:33.930 - Disable Eclipse action set 'org.eclipse.ui.edit.text.actionSet.annotationNavigation'
2024-09-11 13:02:33.930 - Disable Eclipse action set 'org.eclipse.ui.WorkingSetActionSet'
2024-09-11 13:02:33.931 - Disable Eclipse action set 'org.eclipse.ui.actionSet.openFiles'
2024-09-11 13:02:33.931 - Create workbench actions
2024-09-11 13:02:34.365 - Initialize workbench window
2024-09-11 13:02:34.371 - Finish initialization
> Start DBeaver UI Editors - Data [org.jkiss.dbeaver.ui.editors.data 1.0.138.202409011551]
Warning: NLS unused message: actions_navigator__objects in: org.jkiss.dbeaver.ui.editors.sql.internal.SQLEditorMessages
> Start DBeaver UI Editors - SQL [org.jkiss.dbeaver.ui.editors.sql 1.0.138.202409011551]
Warning: NLS unused message: FindReplace_title in: org.eclipse.ui.texteditor.EditorMessages
Warning: NLS unused message: FindReplace_Find_label in: org.eclipse.ui.texteditor.EditorMessages
Warning: NLS unused message: FindReplace_Replace_label in: org.eclipse.ui.texteditor.EditorMessages
Warning: NLS unused message: FindReplace_Direction in: org.eclipse.ui.texteditor.EditorMessages
Warning: NLS unused message: FindReplace_ForwardRadioButton_label in: org.eclipse.ui.texteditor.EditorMessages
Warning: NLS unused message: FindReplace_BackwardRadioButton_label in: org.eclipse.ui.texteditor.EditorMessages
Warning: NLS unused message: FindReplace_Scope in: org.eclipse.ui.texteditor.EditorMessages
Warning: NLS unused message: FindReplace_GlobalRadioButton_label in: org.eclipse.ui.texteditor.EditorMessages
Warning: NLS unused message: FindReplace_SelectedRangeRadioButton_label in: org.eclipse.ui.texteditor.EditorMessages
Warning: NLS unused message: FindReplace_Options in: org.eclipse.ui.texteditor.EditorMessages
Warning: NLS unused message: FindReplace_CaseCheckBox_label in: org.eclipse.ui.texteditor.EditorMessages
Warning: NLS unused message: FindReplace_WrapCheckBox_label in: org.eclipse.ui.texteditor.EditorMessages
Warning: NLS unused message: FindReplace_WholeWordCheckBox_label in: org.eclipse.ui.texteditor.EditorMessages
Warning: NLS unused message: FindReplace_IncrementalCheckBox_label in: org.eclipse.ui.texteditor.EditorMessages
Warning: NLS unused message: FindReplace_RegExCheckbox_label in: org.eclipse.ui.texteditor.EditorMessages
Warning: NLS unused message: FindReplace_FindNextButton_label in: org.eclipse.ui.texteditor.EditorMessages
Warning: NLS unused message: FindReplace_ReplaceFindButton_label in: org.eclipse.ui.texteditor.EditorMessages
Warning: NLS unused message: FindReplace_ReplaceSelectionButton_label in: org.eclipse.ui.texteditor.EditorMessages
Warning: NLS unused message: FindReplace_ReplaceAllButton_label in: org.eclipse.ui.texteditor.EditorMessages
Warning: NLS unused message: FindReplace_SelectAllButton_label in: org.eclipse.ui.texteditor.EditorMessages
Warning: NLS unused message: FindReplace_CloseButton_label in: org.eclipse.ui.texteditor.EditorMessages
Warning: NLS unused message: FindReplace_Status_replacements_label in: org.eclipse.ui.texteditor.EditorMessages
> Start DBeaver SQL Terminal [org.jkiss.dbeaver.ui.editors.sql.terminal 1.0.114.202409011551]
> Start 핵심 비교 지원 [org.eclipse.compare.core 3.8.500.v20240524-2010]
> Start 인터넷 연결 관리 사용자 인터페이스 [org.eclipse.ui.net 1.5.400.v20240413-1529]
> Start Internet Connection Management [org.eclipse.core.net 1.5.400.v20240413-1529]
> Start DBeaver Sample Database [org.jkiss.dbeaver.ext.sample.database 1.0.175.202409011551]
> Start DBeaver Tip of the day [org.jkiss.dbeaver.ext.ui.tipoftheday 1.0.144.202409011551]
> Start GEF Classic Draw2d [org.eclipse.draw2d 3.16.0.202405290843]
> Start GEF Classic GEF (MVC) [org.eclipse.gef 3.18.0.202405290843]
> Start DBeaver ERD UI [org.jkiss.dbeaver.erd.ui 3.0.98.202409011551]
> Start DBeaver ERD Model [org.jkiss.dbeaver.erd.model 1.0.98.202409011551]
> Start DBeaver Dashboard UI [org.jkiss.dbeaver.ui.dashboard 1.0.135.202409011551]
> Start DBeaver Dashboards Model [org.jkiss.dbeaver.model.dashboard 1.0.11.202409011551]
> Start DBeaver JDBC Model [org.jkiss.dbeaver.model.jdbc 1.0.31.202409011551]
> Start DBeaver Oracle Model [org.jkiss.dbeaver.ext.oracle 2.1.223.202409011551]
> Start 콘솔 [org.eclipse.ui.console 3.14.100.v20240429-1358]
> Start 디버그 핵심 [org.eclipse.debug.core 3.21.400.v20240415-0528]
> Start DBeaver Tasks - Native Tools UI [org.jkiss.dbeaver.tasks.native.ui 1.0.116.202409011551]
> Start DBeaver Oracle UI [org.jkiss.dbeaver.ext.oracle.ui 1.0.125.202409011551]
> Start DBeaver Tasks - General UI [org.jkiss.dbeaver.tasks.ui 1.0.116.202409011551]
> Start DBeaver UI Editors - Connections [org.jkiss.dbeaver.ui.editors.connection 1.0.129.202409011551]
2024-09-11 13:02:38.566 - Connect with 'scott' (oracle_thin-191bfd75526-18854a8b579ccb1b)
2024-09-11 13:02:38.604 - Execution context opened (scott; Main; 0)
2024-09-11 13:02:38.610 - Connect with 'system' (oracle_thin-191bfcf2037-16b2901f5eb359e4)
2024-09-11 13:02:38.611 - Execution context opened (system; Main; 1)
> Start DBeaver SQL Language Semantic Model [org.jkiss.dbeaver.model.lsm 1.0.33.202409011551]
2024-09-11 13:02:39.720 - Execution context opened (scott; Metadata; 2)
2024-09-11 13:02:39.864 - Execution context opened (system; Metadata; 3)
2024-09-11 13:02:39.931 - Connected (oracle_thin-191bfd75526-18854a8b579ccb1b, Oracle JDBC driver [21.3.0.0.0])
2024-09-11 13:02:39.952 - Execution context opened (scott; SQLEditor <scott.sql>; 4)
2024-09-11 13:02:40.018 - Connected (oracle_thin-191bfcf2037-16b2901f5eb359e4, Oracle JDBC driver [21.3.0.0.0])
2024-09-11 13:02:40.020 - Execution context opened (system; SQLEditor <system.sql>; 5)
2024-09-11 13:07:20.601 - SQL Error [12899] [72000]: ORA-12899: "SCOTT"."BOARD"."CONTENT" 열에 대한 값이 너무 큼(실제: 16, 최대값: 10)

org.jkiss.dbeaver.model.sql.DBSQLException: SQL Error [12899] [72000]: ORA-12899: "SCOTT"."BOARD"."CONTENT" 열에 대한 값이 너무 큼(실제: 16, 최대값: 10)

	at org.jkiss.dbeaver.model.impl.jdbc.exec.JDBCStatementImpl.executeStatement(JDBCStatementImpl.java:133)
	at org.jkiss.dbeaver.ui.editors.sql.execute.SQLQueryJob.executeStatement(SQLQueryJob.java:631)
	at org.jkiss.dbeaver.ui.editors.sql.execute.SQLQueryJob.lambda$2(SQLQueryJob.java:522)
	at org.jkiss.dbeaver.ui.editors.sql.execute.SQLQueryJob.executeSingleQuery(SQLQueryJob.java:544)
	at org.jkiss.dbeaver.ui.editors.sql.execute.SQLQueryJob.extractData(SQLQueryJob.java:1001)
	at org.jkiss.dbeaver.ui.editors.sql.SQLEditor$QueryResultsContainer.readData(SQLEditor.java:4231)
	at org.jkiss.dbeaver.ui.controls.resultset.ResultSetJobDataRead.lambda$0(ResultSetJobDataRead.java:128)
	at org.jkiss.dbeaver.model.exec.DBExecUtils.tryExecuteRecover(DBExecUtils.java:192)
	at org.jkiss.dbeaver.ui.controls.resultset.ResultSetJobDataRead.run(ResultSetJobDataRead.java:126)
	at org.jkiss.dbeaver.ui.controls.resultset.ResultSetViewer$ResultSetDataPumpJob.run(ResultSetViewer.java:5160)
	at org.jkiss.dbeaver.model.runtime.AbstractJob.run(AbstractJob.java:117)
	at org.eclipse.core.internal.jobs.Worker.run(Worker.java:63)
Caused by: java.sql.SQLException: ORA-12899: "SCOTT"."BOARD"."CONTENT" 열에 대한 값이 너무 큼(실제: 16, 최대값: 10)

	at oracle.jdbc.driver.T4CTTIoer11.processError(T4CTTIoer11.java:630)
	at oracle.jdbc.driver.T4CTTIoer11.processError(T4CTTIoer11.java:564)
	at oracle.jdbc.driver.T4C8Oall.processError(T4C8Oall.java:1231)
	at oracle.jdbc.driver.T4CTTIfun.receive(T4CTTIfun.java:772)
	at oracle.jdbc.driver.T4CTTIfun.doRPC(T4CTTIfun.java:299)
	at oracle.jdbc.driver.T4C8Oall.doOALL(T4C8Oall.java:512)
	at oracle.jdbc.driver.T4CStatement.doOall8(T4CStatement.java:123)
	at oracle.jdbc.driver.T4CStatement.executeForRows(T4CStatement.java:1200)
	at oracle.jdbc.driver.OracleStatement.executeSQLStatement(OracleStatement.java:1820)
	at oracle.jdbc.driver.OracleStatement.doExecuteWithTimeout(OracleStatement.java:1472)
	at oracle.jdbc.driver.OracleStatement.executeInternal(OracleStatement.java:2505)
	at oracle.jdbc.driver.OracleStatement.execute(OracleStatement.java:2460)
	at oracle.jdbc.driver.OracleStatementWrapper.execute(OracleStatementWrapper.java:328)
	at org.jkiss.dbeaver.model.impl.jdbc.exec.JDBCStatementImpl.execute(JDBCStatementImpl.java:332)
	at org.jkiss.dbeaver.model.impl.jdbc.exec.JDBCStatementImpl.executeStatement(JDBCStatementImpl.java:131)
	... 11 more
Caused by: Error : 12899, Position : 108, Sql = INSERT INTO BOARD (BON,NAME,PASSWORD,TITLE,CONTENT)
VALUES (BOARD_SEQ.NEXTVAL, 'HONH', '1111','게시판', '게시글 작성'), OriginalSql = INSERT INTO BOARD (BON,NAME,PASSWORD,TITLE,CONTENT)
VALUES (BOARD_SEQ.NEXTVAL, 'HONH', '1111','게시판', '게시글 작성'), Error Msg = ORA-12899: "SCOTT"."BOARD"."CONTENT" 열에 대한 값이 너무 큼(실제: 16, 최대값: 10)

	at oracle.jdbc.driver.T4CTTIoer11.processError(T4CTTIoer11.java:637)
	... 25 more
2024-09-11 13:07:43.599 - SQL Error [12899] [72000]: ORA-12899: "SCOTT"."BOARD"."CONTENT" 열에 대한 값이 너무 큼(실제: 16, 최대값: 10)


Error position: line: 1585 pos: 108
org.jkiss.dbeaver.model.sql.DBSQLException: SQL Error [12899] [72000]: ORA-12899: "SCOTT"."BOARD"."CONTENT" 열에 대한 값이 너무 큼(실제: 16, 최대값: 10)

	at org.jkiss.dbeaver.model.impl.jdbc.exec.JDBCStatementImpl.executeStatement(JDBCStatementImpl.java:133)
	at org.jkiss.dbeaver.ui.editors.sql.execute.SQLQueryJob.executeStatement(SQLQueryJob.java:631)
	at org.jkiss.dbeaver.ui.editors.sql.execute.SQLQueryJob.lambda$2(SQLQueryJob.java:522)
	at org.jkiss.dbeaver.ui.editors.sql.execute.SQLQueryJob.executeSingleQuery(SQLQueryJob.java:544)
	at org.jkiss.dbeaver.ui.editors.sql.execute.SQLQueryJob.extractData(SQLQueryJob.java:1001)
	at org.jkiss.dbeaver.ui.editors.sql.SQLEditor$QueryResultsContainer.readData(SQLEditor.java:4231)
	at org.jkiss.dbeaver.ui.controls.resultset.ResultSetJobDataRead.lambda$0(ResultSetJobDataRead.java:128)
	at org.jkiss.dbeaver.model.exec.DBExecUtils.tryExecuteRecover(DBExecUtils.java:192)
	at org.jkiss.dbeaver.ui.controls.resultset.ResultSetJobDataRead.run(ResultSetJobDataRead.java:126)
	at org.jkiss.dbeaver.ui.controls.resultset.ResultSetViewer$ResultSetDataPumpJob.run(ResultSetViewer.java:5160)
	at org.jkiss.dbeaver.model.runtime.AbstractJob.run(AbstractJob.java:117)
	at org.eclipse.core.internal.jobs.Worker.run(Worker.java:63)
Caused by: java.sql.SQLException: ORA-12899: "SCOTT"."BOARD"."CONTENT" 열에 대한 값이 너무 큼(실제: 16, 최대값: 10)

	at oracle.jdbc.driver.T4CTTIoer11.processError(T4CTTIoer11.java:630)
	at oracle.jdbc.driver.T4CTTIoer11.processError(T4CTTIoer11.java:564)
	at oracle.jdbc.driver.T4C8Oall.processError(T4C8Oall.java:1231)
	at oracle.jdbc.driver.T4CTTIfun.receive(T4CTTIfun.java:772)
	at oracle.jdbc.driver.T4CTTIfun.doRPC(T4CTTIfun.java:299)
	at oracle.jdbc.driver.T4C8Oall.doOALL(T4C8Oall.java:512)
	at oracle.jdbc.driver.T4CStatement.doOall8(T4CStatement.java:123)
	at oracle.jdbc.driver.T4CStatement.executeForRows(T4CStatement.java:1200)
	at oracle.jdbc.driver.OracleStatement.executeSQLStatement(OracleStatement.java:1820)
	at oracle.jdbc.driver.OracleStatement.doExecuteWithTimeout(OracleStatement.java:1472)
	at oracle.jdbc.driver.OracleStatement.executeInternal(OracleStatement.java:2505)
	at oracle.jdbc.driver.OracleStatement.execute(OracleStatement.java:2460)
	at oracle.jdbc.driver.OracleStatementWrapper.execute(OracleStatementWrapper.java:328)
	at org.jkiss.dbeaver.model.impl.jdbc.exec.JDBCStatementImpl.execute(JDBCStatementImpl.java:332)
	at org.jkiss.dbeaver.model.impl.jdbc.exec.JDBCStatementImpl.executeStatement(JDBCStatementImpl.java:131)
	... 11 more
Caused by: Error : 12899, Position : 108, Sql = INSERT INTO BOARD (BON,NAME,PASSWORD,TITLE,CONTENT)
VALUES (BOARD_SEQ.NEXTVAL, 'HONH', '1111','게시판', '게시글 작성'), OriginalSql = INSERT INTO BOARD (BON,NAME,PASSWORD,TITLE,CONTENT)
VALUES (BOARD_SEQ.NEXTVAL, 'HONH', '1111','게시판', '게시글 작성'), Error Msg = ORA-12899: "SCOTT"."BOARD"."CONTENT" 열에 대한 값이 너무 큼(실제: 16, 최대값: 10)

	at oracle.jdbc.driver.T4CTTIoer11.processError(T4CTTIoer11.java:637)
	... 25 more
2024-09-11 13:07:59.660 - SQL Error [955] [42000]: ORA-00955: 기존의 객체가 이름을 사용하고 있습니다.


Error position: line: 1572 pos: 13
org.jkiss.dbeaver.model.sql.DBSQLException: SQL Error [955] [42000]: ORA-00955: 기존의 객체가 이름을 사용하고 있습니다.

	at org.jkiss.dbeaver.model.impl.jdbc.exec.JDBCStatementImpl.executeStatement(JDBCStatementImpl.java:133)
	at org.jkiss.dbeaver.ui.editors.sql.execute.SQLQueryJob.executeStatement(SQLQueryJob.java:631)
	at org.jkiss.dbeaver.ui.editors.sql.execute.SQLQueryJob.lambda$2(SQLQueryJob.java:522)
	at org.jkiss.dbeaver.model.exec.DBExecUtils.tryExecuteRecover(DBExecUtils.java:192)
	at org.jkiss.dbeaver.ui.editors.sql.execute.SQLQueryJob.executeSingleQuery(SQLQueryJob.java:541)
	at org.jkiss.dbeaver.ui.editors.sql.execute.SQLQueryJob.extractData(SQLQueryJob.java:1001)
	at org.jkiss.dbeaver.ui.editors.sql.SQLEditor$QueryResultsContainer.readData(SQLEditor.java:4231)
	at org.jkiss.dbeaver.ui.controls.resultset.ResultSetJobDataRead.lambda$0(ResultSetJobDataRead.java:128)
	at org.jkiss.dbeaver.model.exec.DBExecUtils.tryExecuteRecover(DBExecUtils.java:192)
	at org.jkiss.dbeaver.ui.controls.resultset.ResultSetJobDataRead.run(ResultSetJobDataRead.java:126)
	at org.jkiss.dbeaver.ui.controls.resultset.ResultSetViewer$ResultSetDataPumpJob.run(ResultSetViewer.java:5160)
	at org.jkiss.dbeaver.model.runtime.AbstractJob.run(AbstractJob.java:117)
	at org.eclipse.core.internal.jobs.Worker.run(Worker.java:63)
Caused by: java.sql.SQLSyntaxErrorException: ORA-00955: 기존의 객체가 이름을 사용하고 있습니다.

	at oracle.jdbc.driver.T4CTTIoer11.processError(T4CTTIoer11.java:630)
	at oracle.jdbc.driver.T4CTTIoer11.processError(T4CTTIoer11.java:564)
	at oracle.jdbc.driver.T4C8Oall.processError(T4C8Oall.java:1231)
	at oracle.jdbc.driver.T4CTTIfun.receive(T4CTTIfun.java:772)
	at oracle.jdbc.driver.T4CTTIfun.doRPC(T4CTTIfun.java:299)
	at oracle.jdbc.driver.T4C8Oall.doOALL(T4C8Oall.java:512)
	at oracle.jdbc.driver.T4CStatement.doOall8(T4CStatement.java:123)
	at oracle.jdbc.driver.T4CStatement.executeForRows(T4CStatement.java:1200)
	at oracle.jdbc.driver.OracleStatement.executeSQLStatement(OracleStatement.java:1820)
	at oracle.jdbc.driver.OracleStatement.doExecuteWithTimeout(OracleStatement.java:1472)
	at oracle.jdbc.driver.OracleStatement.executeInternal(OracleStatement.java:2505)
	at oracle.jdbc.driver.OracleStatement.execute(OracleStatement.java:2460)
	at oracle.jdbc.driver.OracleStatementWrapper.execute(OracleStatementWrapper.java:328)
	at org.jkiss.dbeaver.model.impl.jdbc.exec.JDBCStatementImpl.execute(JDBCStatementImpl.java:332)
	at org.jkiss.dbeaver.model.impl.jdbc.exec.JDBCStatementImpl.executeStatement(JDBCStatementImpl.java:131)
	... 12 more
Caused by: Error : 955, Position : 13, Sql = CREATE TABLE BOARD(
	BON NUMBER(8) PRIMARY KEY,
	NAME VARCHAR2(20) NOT NULL,
	PASSWORD VARCHAR2(20) NOT NULL,
	TITLE VARCHAR2(20) NOT NULL,
	CONTENT VARCHAR2(50) NOT NULL,
	READCNT NUMBER(8) DEFAULT 0,
	REGDATE DATE DEFAULT SYSDATE
), OriginalSql = CREATE TABLE BOARD(
	BON NUMBER(8) PRIMARY KEY,
	NAME VARCHAR2(20) NOT NULL,
	PASSWORD VARCHAR2(20) NOT NULL,
	TITLE VARCHAR2(20) NOT NULL,
	CONTENT VARCHAR2(50) NOT NULL,
	READCNT NUMBER(8) DEFAULT 0,
	REGDATE DATE DEFAULT SYSDATE
), Error Msg = ORA-00955: 기존의 객체가 이름을 사용하고 있습니다.

	at oracle.jdbc.driver.T4CTTIoer11.processError(T4CTTIoer11.java:637)
	... 26 more
2024-09-11 13:08:01.633 - SQL Error [12899] [72000]: ORA-12899: "SCOTT"."BOARD"."CONTENT" 열에 대한 값이 너무 큼(실제: 16, 최대값: 10)


Error position: line: 1585 pos: 108
org.jkiss.dbeaver.model.sql.DBSQLException: SQL Error [12899] [72000]: ORA-12899: "SCOTT"."BOARD"."CONTENT" 열에 대한 값이 너무 큼(실제: 16, 최대값: 10)

	at org.jkiss.dbeaver.model.impl.jdbc.exec.JDBCStatementImpl.executeStatement(JDBCStatementImpl.java:133)
	at org.jkiss.dbeaver.ui.editors.sql.execute.SQLQueryJob.executeStatement(SQLQueryJob.java:631)
	at org.jkiss.dbeaver.ui.editors.sql.execute.SQLQueryJob.lambda$2(SQLQueryJob.java:522)
	at org.jkiss.dbeaver.ui.editors.sql.execute.SQLQueryJob.executeSingleQuery(SQLQueryJob.java:544)
	at org.jkiss.dbeaver.ui.editors.sql.execute.SQLQueryJob.extractData(SQLQueryJob.java:1001)
	at org.jkiss.dbeaver.ui.editors.sql.SQLEditor$QueryResultsContainer.readData(SQLEditor.java:4231)
	at org.jkiss.dbeaver.ui.controls.resultset.ResultSetJobDataRead.lambda$0(ResultSetJobDataRead.java:128)
	at org.jkiss.dbeaver.model.exec.DBExecUtils.tryExecuteRecover(DBExecUtils.java:192)
	at org.jkiss.dbeaver.ui.controls.resultset.ResultSetJobDataRead.run(ResultSetJobDataRead.java:126)
	at org.jkiss.dbeaver.ui.controls.resultset.ResultSetViewer$ResultSetDataPumpJob.run(ResultSetViewer.java:5160)
	at org.jkiss.dbeaver.model.runtime.AbstractJob.run(AbstractJob.java:117)
	at org.eclipse.core.internal.jobs.Worker.run(Worker.java:63)
Caused by: java.sql.SQLException: ORA-12899: "SCOTT"."BOARD"."CONTENT" 열에 대한 값이 너무 큼(실제: 16, 최대값: 10)

	at oracle.jdbc.driver.T4CTTIoer11.processError(T4CTTIoer11.java:630)
	at oracle.jdbc.driver.T4CTTIoer11.processError(T4CTTIoer11.java:564)
	at oracle.jdbc.driver.T4C8Oall.processError(T4C8Oall.java:1231)
	at oracle.jdbc.driver.T4CTTIfun.receive(T4CTTIfun.java:772)
	at oracle.jdbc.driver.T4CTTIfun.doRPC(T4CTTIfun.java:299)
	at oracle.jdbc.driver.T4C8Oall.doOALL(T4C8Oall.java:512)
	at oracle.jdbc.driver.T4CStatement.doOall8(T4CStatement.java:123)
	at oracle.jdbc.driver.T4CStatement.executeForRows(T4CStatement.java:1200)
	at oracle.jdbc.driver.OracleStatement.executeSQLStatement(OracleStatement.java:1820)
	at oracle.jdbc.driver.OracleStatement.doExecuteWithTimeout(OracleStatement.java:1472)
	at oracle.jdbc.driver.OracleStatement.executeInternal(OracleStatement.java:2505)
	at oracle.jdbc.driver.OracleStatement.execute(OracleStatement.java:2460)
	at oracle.jdbc.driver.OracleStatementWrapper.execute(OracleStatementWrapper.java:328)
	at org.jkiss.dbeaver.model.impl.jdbc.exec.JDBCStatementImpl.execute(JDBCStatementImpl.java:332)
	at org.jkiss.dbeaver.model.impl.jdbc.exec.JDBCStatementImpl.executeStatement(JDBCStatementImpl.java:131)
	... 11 more
Caused by: Error : 12899, Position : 108, Sql = INSERT INTO BOARD (BON,NAME,PASSWORD,TITLE,CONTENT)
VALUES (BOARD_SEQ.NEXTVAL, 'HONH', '1111','게시판', '게시글 작성'), OriginalSql = INSERT INTO BOARD (BON,NAME,PASSWORD,TITLE,CONTENT)
VALUES (BOARD_SEQ.NEXTVAL, 'HONH', '1111','게시판', '게시글 작성'), Error Msg = ORA-12899: "SCOTT"."BOARD"."CONTENT" 열에 대한 값이 너무 큼(실제: 16, 최대값: 10)

	at oracle.jdbc.driver.T4CTTIoer11.processError(T4CTTIoer11.java:637)
	... 25 more
2024-09-11 13:08:17.242 - SQL Error [922] [42000]: ORA-00922: 누락된 또는 부적합한 옵션

org.jkiss.dbeaver.model.sql.DBSQLException: SQL Error [922] [42000]: ORA-00922: 누락된 또는 부적합한 옵션

	at org.jkiss.dbeaver.model.impl.jdbc.exec.JDBCStatementImpl.executeStatement(JDBCStatementImpl.java:133)
	at org.jkiss.dbeaver.ui.editors.sql.execute.SQLQueryJob.executeStatement(SQLQueryJob.java:631)
	at org.jkiss.dbeaver.ui.editors.sql.execute.SQLQueryJob.lambda$2(SQLQueryJob.java:522)
	at org.jkiss.dbeaver.model.exec.DBExecUtils.tryExecuteRecover(DBExecUtils.java:192)
	at org.jkiss.dbeaver.ui.editors.sql.execute.SQLQueryJob.executeSingleQuery(SQLQueryJob.java:541)
	at org.jkiss.dbeaver.ui.editors.sql.execute.SQLQueryJob.extractData(SQLQueryJob.java:1001)
	at org.jkiss.dbeaver.ui.editors.sql.SQLEditor$QueryResultsContainer.readData(SQLEditor.java:4231)
	at org.jkiss.dbeaver.ui.controls.resultset.ResultSetJobDataRead.lambda$0(ResultSetJobDataRead.java:128)
	at org.jkiss.dbeaver.model.exec.DBExecUtils.tryExecuteRecover(DBExecUtils.java:192)
	at org.jkiss.dbeaver.ui.controls.resultset.ResultSetJobDataRead.run(ResultSetJobDataRead.java:126)
	at org.jkiss.dbeaver.ui.controls.resultset.ResultSetViewer$ResultSetDataPumpJob.run(ResultSetViewer.java:5160)
	at org.jkiss.dbeaver.model.runtime.AbstractJob.run(AbstractJob.java:117)
	at org.eclipse.core.internal.jobs.Worker.run(Worker.java:63)
Caused by: java.sql.SQLSyntaxErrorException: ORA-00922: 누락된 또는 부적합한 옵션

	at oracle.jdbc.driver.T4CTTIoer11.processError(T4CTTIoer11.java:630)
	at oracle.jdbc.driver.T4CTTIoer11.processError(T4CTTIoer11.java:564)
	at oracle.jdbc.driver.T4C8Oall.processError(T4C8Oall.java:1231)
	at oracle.jdbc.driver.T4CTTIfun.receive(T4CTTIfun.java:772)
	at oracle.jdbc.driver.T4CTTIfun.doRPC(T4CTTIfun.java:299)
	at oracle.jdbc.driver.T4C8Oall.doOALL(T4C8Oall.java:512)
	at oracle.jdbc.driver.T4CStatement.doOall8(T4CStatement.java:123)
	at oracle.jdbc.driver.T4CStatement.executeForRows(T4CStatement.java:1200)
	at oracle.jdbc.driver.OracleStatement.executeSQLStatement(OracleStatement.java:1820)
	at oracle.jdbc.driver.OracleStatement.doExecuteWithTimeout(OracleStatement.java:1472)
	at oracle.jdbc.driver.OracleStatement.executeInternal(OracleStatement.java:2505)
	at oracle.jdbc.driver.OracleStatement.execute(OracleStatement.java:2460)
	at oracle.jdbc.driver.OracleStatementWrapper.execute(OracleStatementWrapper.java:328)
	at org.jkiss.dbeaver.model.impl.jdbc.exec.JDBCStatementImpl.execute(JDBCStatementImpl.java:332)
	at org.jkiss.dbeaver.model.impl.jdbc.exec.JDBCStatementImpl.executeStatement(JDBCStatementImpl.java:131)
	... 12 more
Caused by: Error : 922, Position : 243, Sql = CREATE TABLE BOARD(
	BON NUMBER(8) PRIMARY KEY,
	NAME VARCHAR2(20) NOT NULL,
	PASSWORD VARCHAR2(20) NOT NULL,
	TITLE VARCHAR2(20) NOT NULL,
	CONTENT VARCHAR2(50) NOT NULL,
	READCNT NUMBER(8) DEFAULT 0,
	REGDATE DATE DEFAULT SYSDATE
)
DELETE FROM BOARD, OriginalSql = CREATE TABLE BOARD(
	BON NUMBER(8) PRIMARY KEY,
	NAME VARCHAR2(20) NOT NULL,
	PASSWORD VARCHAR2(20) NOT NULL,
	TITLE VARCHAR2(20) NOT NULL,
	CONTENT VARCHAR2(50) NOT NULL,
	READCNT NUMBER(8) DEFAULT 0,
	REGDATE DATE DEFAULT SYSDATE
)
DELETE FROM BOARD, Error Msg = ORA-00922: 누락된 또는 부적합한 옵션

	at oracle.jdbc.driver.T4CTTIoer11.processError(T4CTTIoer11.java:637)
	... 26 more
2024-09-11 13:08:26.873 - SQL Error [922] [42000]: ORA-00922: 누락된 또는 부적합한 옵션

org.jkiss.dbeaver.model.sql.DBSQLException: SQL Error [922] [42000]: ORA-00922: 누락된 또는 부적합한 옵션

	at org.jkiss.dbeaver.model.impl.jdbc.exec.JDBCStatementImpl.executeStatement(JDBCStatementImpl.java:133)
	at org.jkiss.dbeaver.ui.editors.sql.execute.SQLQueryJob.executeStatement(SQLQueryJob.java:631)
	at org.jkiss.dbeaver.ui.editors.sql.execute.SQLQueryJob.lambda$2(SQLQueryJob.java:522)
	at org.jkiss.dbeaver.model.exec.DBExecUtils.tryExecuteRecover(DBExecUtils.java:192)
	at org.jkiss.dbeaver.ui.editors.sql.execute.SQLQueryJob.executeSingleQuery(SQLQueryJob.java:541)
	at org.jkiss.dbeaver.ui.editors.sql.execute.SQLQueryJob.extractData(SQLQueryJob.java:1001)
	at org.jkiss.dbeaver.ui.editors.sql.SQLEditor$QueryResultsContainer.readData(SQLEditor.java:4231)
	at org.jkiss.dbeaver.ui.controls.resultset.ResultSetJobDataRead.lambda$0(ResultSetJobDataRead.java:128)
	at org.jkiss.dbeaver.model.exec.DBExecUtils.tryExecuteRecover(DBExecUtils.java:192)
	at org.jkiss.dbeaver.ui.controls.resultset.ResultSetJobDataRead.run(ResultSetJobDataRead.java:126)
	at org.jkiss.dbeaver.ui.controls.resultset.ResultSetViewer$ResultSetDataPumpJob.run(ResultSetViewer.java:5160)
	at org.jkiss.dbeaver.model.runtime.AbstractJob.run(AbstractJob.java:117)
	at org.eclipse.core.internal.jobs.Worker.run(Worker.java:63)
Caused by: java.sql.SQLSyntaxErrorException: ORA-00922: 누락된 또는 부적합한 옵션

	at oracle.jdbc.driver.T4CTTIoer11.processError(T4CTTIoer11.java:630)
	at oracle.jdbc.driver.T4CTTIoer11.processError(T4CTTIoer11.java:564)
	at oracle.jdbc.driver.T4C8Oall.processError(T4C8Oall.java:1231)
	at oracle.jdbc.driver.T4CTTIfun.receive(T4CTTIfun.java:772)
	at oracle.jdbc.driver.T4CTTIfun.doRPC(T4CTTIfun.java:299)
	at oracle.jdbc.driver.T4C8Oall.doOALL(T4C8Oall.java:512)
	at oracle.jdbc.driver.T4CStatement.doOall8(T4CStatement.java:123)
	at oracle.jdbc.driver.T4CStatement.executeForRows(T4CStatement.java:1200)
	at oracle.jdbc.driver.OracleStatement.executeSQLStatement(OracleStatement.java:1820)
	at oracle.jdbc.driver.OracleStatement.doExecuteWithTimeout(OracleStatement.java:1472)
	at oracle.jdbc.driver.OracleStatement.executeInternal(OracleStatement.java:2505)
	at oracle.jdbc.driver.OracleStatement.execute(OracleStatement.java:2460)
	at oracle.jdbc.driver.OracleStatementWrapper.execute(OracleStatementWrapper.java:328)
	at org.jkiss.dbeaver.model.impl.jdbc.exec.JDBCStatementImpl.execute(JDBCStatementImpl.java:332)
	at org.jkiss.dbeaver.model.impl.jdbc.exec.JDBCStatementImpl.executeStatement(JDBCStatementImpl.java:131)
	... 12 more
Caused by: Error : 922, Position : 243, Sql = CREATE TABLE BOARD(
	BON NUMBER(8) PRIMARY KEY,
	NAME VARCHAR2(20) NOT NULL,
	PASSWORD VARCHAR2(20) NOT NULL,
	TITLE VARCHAR2(20) NOT NULL,
	CONTENT VARCHAR2(50) NOT NULL,
	READCNT NUMBER(8) DEFAULT 0,
	REGDATE DATE DEFAULT SYSDATE
)
DELETE TABLE BOARD, OriginalSql = CREATE TABLE BOARD(
	BON NUMBER(8) PRIMARY KEY,
	NAME VARCHAR2(20) NOT NULL,
	PASSWORD VARCHAR2(20) NOT NULL,
	TITLE VARCHAR2(20) NOT NULL,
	CONTENT VARCHAR2(50) NOT NULL,
	READCNT NUMBER(8) DEFAULT 0,
	REGDATE DATE DEFAULT SYSDATE
)
DELETE TABLE BOARD, Error Msg = ORA-00922: 누락된 또는 부적합한 옵션

	at oracle.jdbc.driver.T4CTTIoer11.processError(T4CTTIoer11.java:637)
	... 26 more
> Start DBeaver Data Transfer [org.jkiss.dbeaver.data.transfer 2.0.122.202409011551]
2024-09-11 13:09:13.774 - Error while analyzing query text: -- 5) CHECK : 값의 범위 또는 패턴을 정의할 때 사용
CREATE TABLE TABLE_CHECK(
	LOGIN_ID VARCHAR2(20)  PRIMARY KEY,
	LOGIN_PWD VARCHAR2(20) CONSTRAINT TBLCK_LGNPW_CK CHECK (LENGTH(LOGIN_PWD)>=3), -- 길이가 3이상
	TEL VARCHAR2(20)
)
java.lang.UnsupportedOperationException: Search condition or value expression expected while facing with CHECK
	at org.jkiss.dbeaver.model.sql.semantics.SQLQueryModelRecognizer.collectValueExpression(SQLQueryModelRecognizer.java:503)
	at org.jkiss.dbeaver.model.sql.semantics.model.ddl.SQLQueryColumnSpec.recognize(SQLQueryColumnSpec.java:160)
	at org.jkiss.dbeaver.model.sql.semantics.model.ddl.SQLQueryTableCreateModel.recognize(SQLQueryTableCreateModel.java:158)
	at org.jkiss.dbeaver.model.sql.semantics.SQLQueryModelRecognizer.recognizeQuery(SQLQueryModelRecognizer.java:132)
	at org.jkiss.dbeaver.model.sql.semantics.SQLQueryModelRecognizer.recognizeQuery(SQLQueryModelRecognizer.java:748)
	at org.jkiss.dbeaver.ui.editors.sql.semantics.SQLBackgroundParsingJob.doWork(SQLBackgroundParsingJob.java:583)
	at org.jkiss.dbeaver.ui.editors.sql.semantics.SQLBackgroundParsingJob$1.run(SQLBackgroundParsingJob.java:92)
	at org.jkiss.dbeaver.model.runtime.AbstractJob.run(AbstractJob.java:117)
	at org.eclipse.core.internal.jobs.Worker.run(Worker.java:63)
2024-09-11 13:09:24.639 - Execution context closed (system, 5)
2024-09-11 13:09:24.694 - Execution context closed (scott, 4)
2024-09-11 13:09:24.934 - DBeaver is stopping
2024-09-11 13:09:24.935 - Stop instance server
2024-09-11 13:09:25.947 - DBeaver shutdown completed
