2024-09-12 09:16:16.172 - DBeaver 24.2.0.202409011551 is starting
2024-09-12 09:16:16.173 - OS: Windows 10 10.0 (amd64)
2024-09-12 09:16:16.173 - Java version: 17.0.6 by Eclipse Adoptium (64bit)
2024-09-12 09:16:16.173 - Install path: 'C:\Program Files\DBeaver'
2024-09-12 09:16:16.174 - Instance path: 'file:/C:/source/oraclesource/'
2024-09-12 09:16:16.175 - Memory available 64Mb/1024Mb
2024-09-12 09:16:16.203 - Create display
2024-09-12 09:16:16.331 - Initialize desktop platform...
2024-09-12 09:16:16.342 - send collected statistics
2024-09-12 09:16:16.556 - BounceCastle bundle found. Use JCE provider BC
> Start Core File Systems [org.eclipse.core.filesystem 1.10.400.v20240426-1040]
> Start Core Resource Management [org.eclipse.core.resources 3.20.200.v20240513-1323]
> Start 팀 지원 핵심 [org.eclipse.team.core 3.10.400.v20240413-1529]
> Start DBeaver UI Navigator [org.jkiss.dbeaver.ui.navigator 1.0.138.202409011551]
2024-09-12 09:16:16.995 - Initialize base platform...
2024-09-12 09:16:17.030 - Platform initialized (698ms)
> Start DBeaver UI Editors - Base [org.jkiss.dbeaver.ui.editors.base 1.0.138.202409011551]
2024-09-12 09:16:17.087 - Starting instance server at http://localhost:50139
2024-09-12 09:16:17.114 - Run workbench
> Start Eclipse e4 작업영역 SWT [org.eclipse.e4.ui.workbench.swt 0.17.400.v20240425-0840]
> Start Eclipse Application Services [org.eclipse.e4.core.services 2.4.400.v20240413-1529]
> Start Eclipse UI Application Services [org.eclipse.e4.ui.services 1.6.300.v20231201-1637]
> Start Eclipse e4 Progress View [org.eclipse.e4.ui.progress 0.4.400.v20240424-0956]
> Start Eclipse Bindings Support [org.eclipse.e4.ui.bindings 0.14.400.v20240321-1245]
> Start Eclipse e4 core commands [org.eclipse.e4.core.commands 1.1.400.v20240424-0444]
> Start EMF XML/XMI Persistence [org.eclipse.emf.ecore.xmi 2.37.0.v20231208-1346]
> Start Eclipse CSS SWT Theme Support [org.eclipse.e4.ui.css.swt.theme 0.14.400.v20240424-0956]
> Start Eclipse e4 작업영역 기능 추가 [org.eclipse.e4.ui.workbench.addons.swt 1.5.400.v20240416-0658]
Warning: NLS unused message: 이유 in: org.eclipse.ui.internal.messages
> Start Eclipse e4 작업영역 SWT 렌더러 [org.eclipse.e4.ui.workbench.renderers.swt 0.16.400.v20240418-1547]
> Start Eclipse Dependency Injection Extensions [org.eclipse.e4.core.di.extensions 0.18.300.v20240413-1529]
> Start Eclipse CSS SWT Support [org.eclipse.e4.ui.css.swt 0.15.400.v20240321-1245]
> Start 기본 문서 편집기 [org.eclipse.ui.editors 3.17.300.v20240524-2010]
> Start 텍스트 편집기 프레임워크 [org.eclipse.ui.workbench.texteditor 3.17.400.v20240524-2010]
2024-09-12 09:16:25.999 - Configure workbench window
> Start DBeaver SQL Model [org.jkiss.dbeaver.model.sql 1.0.128.202409011551]
2024-09-12 09:16:26.168 - Total database drivers: 119 (119)
> Start 도움말 시스템 코어 [org.eclipse.help 3.10.400.v20240415-0528]
2024-09-12 09:16:26.296 - Create actions
2024-09-12 09:16:26.302 - Disable Eclipse action set 'org.eclipse.ui.edit.text.actionSet.annotationNavigation'
2024-09-12 09:16:26.302 - Disable Eclipse action set 'org.eclipse.ui.WorkingSetActionSet'
2024-09-12 09:16:26.303 - Disable Eclipse action set 'org.eclipse.ui.actionSet.openFiles'
2024-09-12 09:16:26.303 - Create workbench actions
2024-09-12 09:16:26.723 - Initialize workbench window
2024-09-12 09:16:26.738 - Finish initialization
> Start DBeaver UI Editors - Data [org.jkiss.dbeaver.ui.editors.data 1.0.138.202409011551]
Warning: NLS unused message: actions_navigator__objects in: org.jkiss.dbeaver.ui.editors.sql.internal.SQLEditorMessages
> Start DBeaver UI Editors - SQL [org.jkiss.dbeaver.ui.editors.sql 1.0.138.202409011551]
Warning: NLS unused message: FindReplace_title in: org.eclipse.ui.texteditor.EditorMessages
Warning: NLS unused message: FindReplace_Find_label in: org.eclipse.ui.texteditor.EditorMessages
Warning: NLS unused message: FindReplace_Replace_label in: org.eclipse.ui.texteditor.EditorMessages
Warning: NLS unused message: FindReplace_Direction in: org.eclipse.ui.texteditor.EditorMessages
Warning: NLS unused message: FindReplace_ForwardRadioButton_label in: org.eclipse.ui.texteditor.EditorMessages
Warning: NLS unused message: FindReplace_BackwardRadioButton_label in: org.eclipse.ui.texteditor.EditorMessages
Warning: NLS unused message: FindReplace_Scope in: org.eclipse.ui.texteditor.EditorMessages
Warning: NLS unused message: FindReplace_GlobalRadioButton_label in: org.eclipse.ui.texteditor.EditorMessages
Warning: NLS unused message: FindReplace_SelectedRangeRadioButton_label in: org.eclipse.ui.texteditor.EditorMessages
Warning: NLS unused message: FindReplace_Options in: org.eclipse.ui.texteditor.EditorMessages
Warning: NLS unused message: FindReplace_CaseCheckBox_label in: org.eclipse.ui.texteditor.EditorMessages
Warning: NLS unused message: FindReplace_WrapCheckBox_label in: org.eclipse.ui.texteditor.EditorMessages
Warning: NLS unused message: FindReplace_WholeWordCheckBox_label in: org.eclipse.ui.texteditor.EditorMessages
Warning: NLS unused message: FindReplace_IncrementalCheckBox_label in: org.eclipse.ui.texteditor.EditorMessages
Warning: NLS unused message: FindReplace_RegExCheckbox_label in: org.eclipse.ui.texteditor.EditorMessages
Warning: NLS unused message: FindReplace_FindNextButton_label in: org.eclipse.ui.texteditor.EditorMessages
Warning: NLS unused message: FindReplace_ReplaceFindButton_label in: org.eclipse.ui.texteditor.EditorMessages
Warning: NLS unused message: FindReplace_ReplaceSelectionButton_label in: org.eclipse.ui.texteditor.EditorMessages
Warning: NLS unused message: FindReplace_ReplaceAllButton_label in: org.eclipse.ui.texteditor.EditorMessages
Warning: NLS unused message: FindReplace_SelectAllButton_label in: org.eclipse.ui.texteditor.EditorMessages
Warning: NLS unused message: FindReplace_CloseButton_label in: org.eclipse.ui.texteditor.EditorMessages
Warning: NLS unused message: FindReplace_Status_replacements_label in: org.eclipse.ui.texteditor.EditorMessages
> Start DBeaver SQL Terminal [org.jkiss.dbeaver.ui.editors.sql.terminal 1.0.114.202409011551]
> Start 핵심 비교 지원 [org.eclipse.compare.core 3.8.500.v20240524-2010]
> Start 인터넷 연결 관리 사용자 인터페이스 [org.eclipse.ui.net 1.5.400.v20240413-1529]
> Start Internet Connection Management [org.eclipse.core.net 1.5.400.v20240413-1529]
> Start DBeaver Sample Database [org.jkiss.dbeaver.ext.sample.database 1.0.175.202409011551]
> Start DBeaver Tip of the day [org.jkiss.dbeaver.ext.ui.tipoftheday 1.0.144.202409011551]
> Start GEF Classic Draw2d [org.eclipse.draw2d 3.16.0.202405290843]
> Start GEF Classic GEF (MVC) [org.eclipse.gef 3.18.0.202405290843]
> Start DBeaver ERD UI [org.jkiss.dbeaver.erd.ui 3.0.98.202409011551]
> Start DBeaver ERD Model [org.jkiss.dbeaver.erd.model 1.0.98.202409011551]
> Start DBeaver Dashboard UI [org.jkiss.dbeaver.ui.dashboard 1.0.135.202409011551]
> Start DBeaver Dashboards Model [org.jkiss.dbeaver.model.dashboard 1.0.11.202409011551]
> Start DBeaver JDBC Model [org.jkiss.dbeaver.model.jdbc 1.0.31.202409011551]
> Start DBeaver Oracle Model [org.jkiss.dbeaver.ext.oracle 2.1.223.202409011551]
> Start 콘솔 [org.eclipse.ui.console 3.14.100.v20240429-1358]
> Start 디버그 핵심 [org.eclipse.debug.core 3.21.400.v20240415-0528]
> Start DBeaver Tasks - Native Tools UI [org.jkiss.dbeaver.tasks.native.ui 1.0.116.202409011551]
> Start DBeaver Oracle UI [org.jkiss.dbeaver.ext.oracle.ui 1.0.125.202409011551]
> Start DBeaver Tasks - General UI [org.jkiss.dbeaver.tasks.ui 1.0.116.202409011551]
> Start DBeaver UI Editors - Connections [org.jkiss.dbeaver.ui.editors.connection 1.0.129.202409011551]
> Start DBeaver SQL Language Semantic Model [org.jkiss.dbeaver.model.lsm 1.0.33.202409011551]
2024-09-12 09:16:30.663 - Connect with 'system' (oracle_thin-191bfcf2037-16b2901f5eb359e4)
2024-09-12 09:16:30.679 - Connect with 'scott' (oracle_thin-191bfd75526-18854a8b579ccb1b)
2024-09-12 09:16:30.723 - Execution context opened (system; Main; 0)
2024-09-12 09:16:30.725 - Execution context opened (scott; Main; 1)
2024-09-12 09:16:31.409 - Open [https://dbeaver.io/product/version.xml]
2024-09-12 09:16:31.986 - Execution context opened (system; Metadata; 2)
2024-09-12 09:16:31.987 - Execution context opened (scott; Metadata; 3)
2024-09-12 09:16:32.183 - Connected (oracle_thin-191bfcf2037-16b2901f5eb359e4, Oracle JDBC driver [21.3.0.0.0])
2024-09-12 09:16:32.208 - Connected (oracle_thin-191bfd75526-18854a8b579ccb1b, Oracle JDBC driver [21.3.0.0.0])
2024-09-12 09:16:32.254 - Execution context opened (system; SQLEditor <system.sql>; 4)
2024-09-12 09:16:32.265 - Execution context opened (scott; SQLEditor <scott.sql>; 5)
2024-09-12 09:16:46.710 - Execution context opened (scott; SQLEditor <Script-1.sql>; 6)
2024-09-12 09:16:52.279 - Delete empty SQL script '\General\Scripts\Script-1.sql'
2024-09-12 09:16:52.290 - Execution context closed (scott, 6)
2024-09-12 09:17:44.792 - SQL Error [1920] [42000]: ORA-01920: 사용자명 'C##TEST1'(이)가 다른 사용자나 롤 이름과 상충됩니다

org.jkiss.dbeaver.model.sql.DBSQLException: SQL Error [1920] [42000]: ORA-01920: 사용자명 'C##TEST1'(이)가 다른 사용자나 롤 이름과 상충됩니다

	at org.jkiss.dbeaver.model.impl.jdbc.exec.JDBCStatementImpl.executeStatement(JDBCStatementImpl.java:133)
	at org.jkiss.dbeaver.ui.editors.sql.execute.SQLQueryJob.executeStatement(SQLQueryJob.java:631)
	at org.jkiss.dbeaver.ui.editors.sql.execute.SQLQueryJob.lambda$2(SQLQueryJob.java:522)
	at org.jkiss.dbeaver.model.exec.DBExecUtils.tryExecuteRecover(DBExecUtils.java:192)
	at org.jkiss.dbeaver.ui.editors.sql.execute.SQLQueryJob.executeSingleQuery(SQLQueryJob.java:541)
	at org.jkiss.dbeaver.ui.editors.sql.execute.SQLQueryJob.extractData(SQLQueryJob.java:1001)
	at org.jkiss.dbeaver.ui.editors.sql.SQLEditor$QueryResultsContainer.readData(SQLEditor.java:4231)
	at org.jkiss.dbeaver.ui.controls.resultset.ResultSetJobDataRead.lambda$0(ResultSetJobDataRead.java:128)
	at org.jkiss.dbeaver.model.exec.DBExecUtils.tryExecuteRecover(DBExecUtils.java:192)
	at org.jkiss.dbeaver.ui.controls.resultset.ResultSetJobDataRead.run(ResultSetJobDataRead.java:126)
	at org.jkiss.dbeaver.ui.controls.resultset.ResultSetViewer$ResultSetDataPumpJob.run(ResultSetViewer.java:5160)
	at org.jkiss.dbeaver.model.runtime.AbstractJob.run(AbstractJob.java:117)
	at org.eclipse.core.internal.jobs.Worker.run(Worker.java:63)
Caused by: java.sql.SQLSyntaxErrorException: ORA-01920: 사용자명 'C##TEST1'(이)가 다른 사용자나 롤 이름과 상충됩니다

	at oracle.jdbc.driver.T4CTTIoer11.processError(T4CTTIoer11.java:630)
	at oracle.jdbc.driver.T4CTTIoer11.processError(T4CTTIoer11.java:564)
	at oracle.jdbc.driver.T4C8Oall.processError(T4C8Oall.java:1231)
	at oracle.jdbc.driver.T4CTTIfun.receive(T4CTTIfun.java:772)
	at oracle.jdbc.driver.T4CTTIfun.doRPC(T4CTTIfun.java:299)
	at oracle.jdbc.driver.T4C8Oall.doOALL(T4C8Oall.java:512)
	at oracle.jdbc.driver.T4CStatement.doOall8(T4CStatement.java:123)
	at oracle.jdbc.driver.T4CStatement.executeForRows(T4CStatement.java:1200)
	at oracle.jdbc.driver.OracleStatement.executeSQLStatement(OracleStatement.java:1820)
	at oracle.jdbc.driver.OracleStatement.doExecuteWithTimeout(OracleStatement.java:1472)
	at oracle.jdbc.driver.OracleStatement.executeInternal(OracleStatement.java:2505)
	at oracle.jdbc.driver.OracleStatement.execute(OracleStatement.java:2460)
	at oracle.jdbc.driver.OracleStatementWrapper.execute(OracleStatementWrapper.java:328)
	at org.jkiss.dbeaver.model.impl.jdbc.exec.JDBCStatementImpl.execute(JDBCStatementImpl.java:332)
	at org.jkiss.dbeaver.model.impl.jdbc.exec.JDBCStatementImpl.executeStatement(JDBCStatementImpl.java:131)
	... 12 more
Caused by: Error : 1920, Position : 12, Sql = CREATE USER C##TEST1 IDENTIFIED BY 12345
DEFAULT TABLESPACE USERS
TEMPORARY TABLESPACE TEMP
QUOTA 10M ON USERS, OriginalSql = CREATE USER C##TEST1 IDENTIFIED BY 12345
DEFAULT TABLESPACE USERS
TEMPORARY TABLESPACE TEMP
QUOTA 10M ON USERS, Error Msg = ORA-01920: 사용자명 'C##TEST1'(이)가 다른 사용자나 롤 이름과 상충됩니다

	at oracle.jdbc.driver.T4CTTIoer11.processError(T4CTTIoer11.java:637)
	... 26 more
2024-09-12 09:19:10.912 - Unrecognized Oracle client version at C:\app\soldesk\product\21c\dbhomeXE
2024-09-12 09:19:11.024 - Auth model 'native' was replaced by 'oracle_native'
2024-09-12 09:19:11.052 - Service 'org.jkiss.dbeaver.runtime.ui.UIServiceSecurity' not found
2024-09-12 09:19:35.695 - Connect with 'test1' (oracle_thin-191e39927ba-20bacacf4a600350)
2024-09-12 09:19:35.698 - Execution context opened (test1; Main; 7)
2024-09-12 09:19:35.754 - ORA-01045: 사용자 C##TEST1는 CREATE SESSION 권한을 가지고있지 않음; 로그온이 거절되었습니다

org.jkiss.dbeaver.model.exec.DBCConnectException: ORA-01045: 사용자 C##TEST1는 CREATE SESSION 권한을 가지고있지 않음; 로그온이 거절되었습니다

	at org.jkiss.dbeaver.model.impl.jdbc.JDBCDataSource.openConnection(JDBCDataSource.java:267)
	at org.jkiss.dbeaver.ext.oracle.model.OracleDataSource.openConnection(OracleDataSource.java:177)
	at org.jkiss.dbeaver.model.impl.jdbc.JDBCExecutionContext.connect(JDBCExecutionContext.java:119)
	at org.jkiss.dbeaver.model.impl.jdbc.JDBCRemoteInstance.initializeMainContext(JDBCRemoteInstance.java:102)
	at org.jkiss.dbeaver.model.impl.jdbc.JDBCRemoteInstance.<init>(JDBCRemoteInstance.java:61)
	at org.jkiss.dbeaver.model.impl.jdbc.JDBCDataSource.initializeRemoteInstance(JDBCDataSource.java:121)
	at org.jkiss.dbeaver.model.impl.jdbc.JDBCDataSource.<init>(JDBCDataSource.java:105)
	at org.jkiss.dbeaver.model.impl.jdbc.JDBCDataSource.<init>(JDBCDataSource.java:96)
	at org.jkiss.dbeaver.ext.oracle.model.OracleDataSource.<init>(OracleDataSource.java:95)
	at org.jkiss.dbeaver.ext.oracle.OracleDataSourceProvider.openDataSource(OracleDataSourceProvider.java:143)
	at org.jkiss.dbeaver.registry.DataSourceDescriptor.openDataSource(DataSourceDescriptor.java:1406)
	at org.jkiss.dbeaver.registry.DataSourceDescriptor.connect0(DataSourceDescriptor.java:1276)
	at org.jkiss.dbeaver.registry.DataSourceDescriptor.connect(DataSourceDescriptor.java:1061)
	at org.jkiss.dbeaver.runtime.jobs.ConnectJob.run(ConnectJob.java:78)
	at org.jkiss.dbeaver.runtime.jobs.ConnectJob.runSync(ConnectJob.java:109)
	at org.jkiss.dbeaver.ui.actions.datasource.DataSourceHandler.connectToDataSource(DataSourceHandler.java:122)
	at org.jkiss.dbeaver.ui.actions.datasource.UIServiceConnectionsImpl.initConnection(UIServiceConnectionsImpl.java:87)
	at org.jkiss.dbeaver.model.DBUtils.initDataSource(DBUtils.java:2414)
	at org.jkiss.dbeaver.model.navigator.DBNDataSource.initializeNode(DBNDataSource.java:159)
	at org.jkiss.dbeaver.model.navigator.DBNDatabaseNode.getChildren(DBNDatabaseNode.java:226)
	at org.jkiss.dbeaver.model.navigator.DBNDatabaseNode.getChildren(DBNDatabaseNode.java:1)
	at org.jkiss.dbeaver.model.navigator.DBNUtils.getNodeChildrenFiltered(DBNUtils.java:92)
	at org.jkiss.dbeaver.ui.navigator.database.load.TreeLoadService.evaluate(TreeLoadService.java:49)
	at org.jkiss.dbeaver.ui.navigator.database.load.TreeLoadService.evaluate(TreeLoadService.java:1)
	at org.jkiss.dbeaver.ui.LoadingJob.run(LoadingJob.java:88)
	at org.jkiss.dbeaver.model.runtime.AbstractJob.run(AbstractJob.java:117)
	at org.eclipse.core.internal.jobs.Worker.run(Worker.java:63)
Caused by: java.sql.SQLException: ORA-01045: 사용자 C##TEST1는 CREATE SESSION 권한을 가지고있지 않음; 로그온이 거절되었습니다

	at oracle.jdbc.driver.T4CTTIoer11.processError(T4CTTIoer11.java:630)
	at oracle.jdbc.driver.T4CTTIoer11.processError(T4CTTIoer11.java:559)
	at oracle.jdbc.driver.T4CTTIoer11.processError(T4CTTIoer11.java:554)
	at oracle.jdbc.driver.T4CTTIfun.processError(T4CTTIfun.java:1377)
	at oracle.jdbc.driver.T4CTTIoauthenticate.processError(T4CTTIoauthenticate.java:700)
	at oracle.jdbc.driver.T4CTTIfun.receive(T4CTTIfun.java:772)
	at oracle.jdbc.driver.T4CTTIfun.doRPC(T4CTTIfun.java:299)
	at oracle.jdbc.driver.T4CTTIoauthenticate.doOAUTH(T4CTTIoauthenticate.java:390)
	at oracle.jdbc.driver.T4CTTIoauthenticate.doOAUTHWithO5Logon(T4CTTIoauthenticate.java:1471)
	at oracle.jdbc.driver.T4CTTIoauthenticate.doOAUTH(T4CTTIoauthenticate.java:1220)
	at oracle.jdbc.driver.T4CTTIoauthenticate.doOAUTH(T4CTTIoauthenticate.java:1174)
	at oracle.jdbc.driver.T4CConnection.authenticateUserForLogon(T4CConnection.java:1042)
	at oracle.jdbc.driver.T4CConnection.logon(T4CConnection.java:658)
	at oracle.jdbc.driver.PhysicalConnection.connect(PhysicalConnection.java:1086)
	at oracle.jdbc.driver.T4CDriverExtension.getConnection(T4CDriverExtension.java:90)
	at oracle.jdbc.driver.OracleDriver.connect(OracleDriver.java:728)
	at oracle.jdbc.driver.OracleDriver.connect(OracleDriver.java:649)
	at org.jkiss.dbeaver.model.impl.jdbc.JDBCConnectionOpener.run(JDBCConnectionOpener.java:109)
	at org.jkiss.dbeaver.model.impl.jdbc.JDBCConnectionOpener.run(JDBCConnectionOpener.java:83)
	at org.jkiss.dbeaver.model.impl.jdbc.JDBCDataSource.openConnection(JDBCDataSource.java:223)
	... 26 more
2024-09-12 09:20:08.005 - Auth model 'native' was replaced by 'oracle_native'
2024-09-12 09:20:08.015 - Service 'org.jkiss.dbeaver.runtime.ui.UIServiceSecurity' not found
2024-09-12 09:20:11.236 - Connect with 'test1' (oracle_thin-191e39927ba-20bacacf4a600350)
2024-09-12 09:20:11.236 - Execution context opened (test1; Main; 8)
2024-09-12 09:20:11.265 - ORA-01045: 사용자 C##TEST1는 CREATE SESSION 권한을 가지고있지 않음; 로그온이 거절되었습니다

org.jkiss.dbeaver.model.exec.DBCConnectException: ORA-01045: 사용자 C##TEST1는 CREATE SESSION 권한을 가지고있지 않음; 로그온이 거절되었습니다

	at org.jkiss.dbeaver.model.impl.jdbc.JDBCDataSource.openConnection(JDBCDataSource.java:267)
	at org.jkiss.dbeaver.ext.oracle.model.OracleDataSource.openConnection(OracleDataSource.java:177)
	at org.jkiss.dbeaver.model.impl.jdbc.JDBCExecutionContext.connect(JDBCExecutionContext.java:119)
	at org.jkiss.dbeaver.model.impl.jdbc.JDBCRemoteInstance.initializeMainContext(JDBCRemoteInstance.java:102)
	at org.jkiss.dbeaver.model.impl.jdbc.JDBCRemoteInstance.<init>(JDBCRemoteInstance.java:61)
	at org.jkiss.dbeaver.model.impl.jdbc.JDBCDataSource.initializeRemoteInstance(JDBCDataSource.java:121)
	at org.jkiss.dbeaver.model.impl.jdbc.JDBCDataSource.<init>(JDBCDataSource.java:105)
	at org.jkiss.dbeaver.model.impl.jdbc.JDBCDataSource.<init>(JDBCDataSource.java:96)
	at org.jkiss.dbeaver.ext.oracle.model.OracleDataSource.<init>(OracleDataSource.java:95)
	at org.jkiss.dbeaver.ext.oracle.OracleDataSourceProvider.openDataSource(OracleDataSourceProvider.java:143)
	at org.jkiss.dbeaver.registry.DataSourceDescriptor.openDataSource(DataSourceDescriptor.java:1406)
	at org.jkiss.dbeaver.registry.DataSourceDescriptor.connect0(DataSourceDescriptor.java:1276)
	at org.jkiss.dbeaver.registry.DataSourceDescriptor.connect(DataSourceDescriptor.java:1061)
	at org.jkiss.dbeaver.runtime.jobs.ConnectJob.run(ConnectJob.java:78)
	at org.jkiss.dbeaver.runtime.jobs.ConnectJob.runSync(ConnectJob.java:109)
	at org.jkiss.dbeaver.ui.actions.datasource.DataSourceHandler.connectToDataSource(DataSourceHandler.java:122)
	at org.jkiss.dbeaver.ui.actions.datasource.UIServiceConnectionsImpl.initConnection(UIServiceConnectionsImpl.java:87)
	at org.jkiss.dbeaver.model.DBUtils.initDataSource(DBUtils.java:2414)
	at org.jkiss.dbeaver.model.navigator.DBNDataSource.initializeNode(DBNDataSource.java:159)
	at org.jkiss.dbeaver.model.navigator.DBNDatabaseNode.getChildren(DBNDatabaseNode.java:226)
	at org.jkiss.dbeaver.model.navigator.DBNDatabaseNode.getChildren(DBNDatabaseNode.java:1)
	at org.jkiss.dbeaver.model.navigator.DBNUtils.getNodeChildrenFiltered(DBNUtils.java:92)
	at org.jkiss.dbeaver.ui.navigator.database.load.TreeLoadService.evaluate(TreeLoadService.java:49)
	at org.jkiss.dbeaver.ui.navigator.database.load.TreeLoadService.evaluate(TreeLoadService.java:1)
	at org.jkiss.dbeaver.ui.LoadingJob.run(LoadingJob.java:88)
	at org.jkiss.dbeaver.model.runtime.AbstractJob.run(AbstractJob.java:117)
	at org.eclipse.core.internal.jobs.Worker.run(Worker.java:63)
Caused by: java.sql.SQLException: ORA-01045: 사용자 C##TEST1는 CREATE SESSION 권한을 가지고있지 않음; 로그온이 거절되었습니다

	at oracle.jdbc.driver.T4CTTIoer11.processError(T4CTTIoer11.java:630)
	at oracle.jdbc.driver.T4CTTIoer11.processError(T4CTTIoer11.java:559)
	at oracle.jdbc.driver.T4CTTIoer11.processError(T4CTTIoer11.java:554)
	at oracle.jdbc.driver.T4CTTIfun.processError(T4CTTIfun.java:1377)
	at oracle.jdbc.driver.T4CTTIoauthenticate.processError(T4CTTIoauthenticate.java:700)
	at oracle.jdbc.driver.T4CTTIfun.receive(T4CTTIfun.java:772)
	at oracle.jdbc.driver.T4CTTIfun.doRPC(T4CTTIfun.java:299)
	at oracle.jdbc.driver.T4CTTIoauthenticate.doOAUTH(T4CTTIoauthenticate.java:390)
	at oracle.jdbc.driver.T4CTTIoauthenticate.doOAUTHWithO5Logon(T4CTTIoauthenticate.java:1471)
	at oracle.jdbc.driver.T4CTTIoauthenticate.doOAUTH(T4CTTIoauthenticate.java:1220)
	at oracle.jdbc.driver.T4CTTIoauthenticate.doOAUTH(T4CTTIoauthenticate.java:1174)
	at oracle.jdbc.driver.T4CConnection.authenticateUserForLogon(T4CConnection.java:1042)
	at oracle.jdbc.driver.T4CConnection.logon(T4CConnection.java:658)
	at oracle.jdbc.driver.PhysicalConnection.connect(PhysicalConnection.java:1086)
	at oracle.jdbc.driver.T4CDriverExtension.getConnection(T4CDriverExtension.java:90)
	at oracle.jdbc.driver.OracleDriver.connect(OracleDriver.java:728)
	at oracle.jdbc.driver.OracleDriver.connect(OracleDriver.java:649)
	at org.jkiss.dbeaver.model.impl.jdbc.JDBCConnectionOpener.run(JDBCConnectionOpener.java:109)
	at org.jkiss.dbeaver.model.impl.jdbc.JDBCConnectionOpener.run(JDBCConnectionOpener.java:83)
	at org.jkiss.dbeaver.model.impl.jdbc.JDBCDataSource.openConnection(JDBCDataSource.java:223)
	... 26 more
> Start DBeaver Data Transfer [org.jkiss.dbeaver.data.transfer 2.0.122.202409011551]
2024-09-12 09:21:21.956 - Connect with 'test1' (oracle_thin-191e39927ba-20bacacf4a600350)
2024-09-12 09:21:21.957 - Execution context opened (test1; Main; 9)
2024-09-12 09:21:21.988 - Execution context opened (test1; Metadata; 10)
2024-09-12 09:21:22.023 - Connected (oracle_thin-191e39927ba-20bacacf4a600350, Oracle JDBC driver [21.3.0.0.0])
2024-09-12 09:21:25.853 - Connect with 'hr' (oracle_thin-191bfd7d4fd-64716cb071eb5a8d)
2024-09-12 09:21:25.854 - Execution context opened (hr; Main; 11)
2024-09-12 09:21:25.973 - Execution context opened (hr; Metadata; 12)
2024-09-12 09:21:26.028 - Connected (oracle_thin-191bfd7d4fd-64716cb071eb5a8d, Oracle JDBC driver [21.3.0.0.0])
2024-09-12 09:21:26.031 - Execution context opened (hr; SQLEditor <hr.sql>; 13)
2024-09-12 09:21:29.908 - Execution context opened (scott; SQLEditor <Script-1.sql>; 14)
2024-09-12 09:21:32.894 - Execution context opened (test1; SQLEditor <Script-1.sql>; 15)
2024-09-12 09:21:32.904 - Execution context closed (scott, 14)
2024-09-12 09:21:37.402 - SQL Error [1031] [42000]: ORA-01031: 권한이 불충분합니다


Error position: line: 1
org.jkiss.dbeaver.model.sql.DBSQLException: SQL Error [1031] [42000]: ORA-01031: 권한이 불충분합니다

	at org.jkiss.dbeaver.model.impl.jdbc.exec.JDBCStatementImpl.executeStatement(JDBCStatementImpl.java:133)
	at org.jkiss.dbeaver.ui.editors.sql.execute.SQLQueryJob.executeStatement(SQLQueryJob.java:631)
	at org.jkiss.dbeaver.ui.editors.sql.execute.SQLQueryJob.lambda$2(SQLQueryJob.java:522)
	at org.jkiss.dbeaver.model.exec.DBExecUtils.tryExecuteRecover(DBExecUtils.java:192)
	at org.jkiss.dbeaver.ui.editors.sql.execute.SQLQueryJob.executeSingleQuery(SQLQueryJob.java:541)
	at org.jkiss.dbeaver.ui.editors.sql.execute.SQLQueryJob.extractData(SQLQueryJob.java:1001)
	at org.jkiss.dbeaver.ui.editors.sql.SQLEditor$QueryResultsContainer.readData(SQLEditor.java:4231)
	at org.jkiss.dbeaver.ui.controls.resultset.ResultSetJobDataRead.lambda$0(ResultSetJobDataRead.java:128)
	at org.jkiss.dbeaver.model.exec.DBExecUtils.tryExecuteRecover(DBExecUtils.java:192)
	at org.jkiss.dbeaver.ui.controls.resultset.ResultSetJobDataRead.run(ResultSetJobDataRead.java:126)
	at org.jkiss.dbeaver.ui.controls.resultset.ResultSetViewer$ResultSetDataPumpJob.run(ResultSetViewer.java:5160)
	at org.jkiss.dbeaver.model.runtime.AbstractJob.run(AbstractJob.java:117)
	at org.eclipse.core.internal.jobs.Worker.run(Worker.java:63)
Caused by: java.sql.SQLSyntaxErrorException: ORA-01031: 권한이 불충분합니다

	at oracle.jdbc.driver.T4CTTIoer11.processError(T4CTTIoer11.java:630)
	at oracle.jdbc.driver.T4CTTIoer11.processError(T4CTTIoer11.java:564)
	at oracle.jdbc.driver.T4C8Oall.processError(T4C8Oall.java:1231)
	at oracle.jdbc.driver.T4CTTIfun.receive(T4CTTIfun.java:772)
	at oracle.jdbc.driver.T4CTTIfun.doRPC(T4CTTIfun.java:299)
	at oracle.jdbc.driver.T4C8Oall.doOALL(T4C8Oall.java:512)
	at oracle.jdbc.driver.T4CStatement.doOall8(T4CStatement.java:123)
	at oracle.jdbc.driver.T4CStatement.executeForRows(T4CStatement.java:1200)
	at oracle.jdbc.driver.OracleStatement.executeSQLStatement(OracleStatement.java:1820)
	at oracle.jdbc.driver.OracleStatement.doExecuteWithTimeout(OracleStatement.java:1472)
	at oracle.jdbc.driver.OracleStatement.executeInternal(OracleStatement.java:2505)
	at oracle.jdbc.driver.OracleStatement.execute(OracleStatement.java:2460)
	at oracle.jdbc.driver.OracleStatementWrapper.execute(OracleStatementWrapper.java:328)
	at org.jkiss.dbeaver.model.impl.jdbc.exec.JDBCStatementImpl.execute(JDBCStatementImpl.java:332)
	at org.jkiss.dbeaver.model.impl.jdbc.exec.JDBCStatementImpl.executeStatement(JDBCStatementImpl.java:131)
	... 12 more
Caused by: Error : 1031, Position : 0, Sql = CREATE TABLE board(
	bno number(8) PRIMARY KEY,
	name varchar2(20) NOT NULL,
	password varchar2(20) NOT NULL,
	title varchar2(20) NOT NULL,
	content varchar2(20) NOT NULL,
	readcnt number(8) DEFAULT 0,
	regdate DATE DEFAULT sysdate
), OriginalSql = CREATE TABLE board(
	bno number(8) PRIMARY KEY,
	name varchar2(20) NOT NULL,
	password varchar2(20) NOT NULL,
	title varchar2(20) NOT NULL,
	content varchar2(20) NOT NULL,
	readcnt number(8) DEFAULT 0,
	regdate DATE DEFAULT sysdate
), Error Msg = ORA-01031: 권한이 불충분합니다

	at oracle.jdbc.driver.T4CTTIoer11.processError(T4CTTIoer11.java:637)
	... 26 more
2024-09-12 09:21:47.832 - Event loop exception
java.lang.IllegalArgumentException: org.eclipse.jface.text.BadLocationException: -1
	at org.eclipse.jface.text.source.projection.ProjectionViewer.lambda$0(ProjectionViewer.java:897)
	at org.eclipse.swt.widgets.RunnableLock.run(RunnableLock.java:40)
	at org.eclipse.swt.widgets.Synchronizer.runAsyncMessages(Synchronizer.java:132)
	at org.eclipse.swt.widgets.Display.runAsyncMessages(Display.java:4058)
	at org.eclipse.swt.widgets.Display.readAndDispatch(Display.java:3676)
	at org.eclipse.e4.ui.internal.workbench.swt.PartRenderingEngine$5.run(PartRenderingEngine.java:1151)
	at org.eclipse.core.databinding.observable.Realm.runWithDefault(Realm.java:339)
	at org.eclipse.e4.ui.internal.workbench.swt.PartRenderingEngine.run(PartRenderingEngine.java:1042)
	at org.eclipse.e4.ui.internal.workbench.E4Workbench.createAndRunUI(E4Workbench.java:152)
	at org.eclipse.ui.internal.Workbench.lambda$3(Workbench.java:639)
	at org.eclipse.core.databinding.observable.Realm.runWithDefault(Realm.java:339)
	at org.eclipse.ui.internal.Workbench.createAndRunWorkbench(Workbench.java:546)
	at org.eclipse.ui.PlatformUI.createAndRunWorkbench(PlatformUI.java:173)
	at org.jkiss.dbeaver.ui.app.standalone.DBeaverApplication.start(DBeaverApplication.java:292)
	at org.eclipse.equinox.internal.app.EclipseAppHandle.run(EclipseAppHandle.java:208)
	at org.eclipse.core.runtime.internal.adaptor.EclipseAppLauncher.runApplication(EclipseAppLauncher.java:143)
	at org.eclipse.core.runtime.internal.adaptor.EclipseAppLauncher.start(EclipseAppLauncher.java:109)
	at org.eclipse.core.runtime.adaptor.EclipseStarter.run(EclipseStarter.java:439)
	at org.eclipse.core.runtime.adaptor.EclipseStarter.run(EclipseStarter.java:271)
	at java.base/jdk.internal.reflect.NativeMethodAccessorImpl.invoke0(Native Method)
	at java.base/jdk.internal.reflect.NativeMethodAccessorImpl.invoke(Unknown Source)
	at java.base/jdk.internal.reflect.DelegatingMethodAccessorImpl.invoke(Unknown Source)
	at java.base/java.lang.reflect.Method.invoke(Unknown Source)
	at org.jkiss.dbeaver.launcher.DBeaverLauncher.invokeFramework(DBeaverLauncher.java:648)
	at org.jkiss.dbeaver.launcher.DBeaverLauncher.basicRun(DBeaverLauncher.java:608)
	at org.jkiss.dbeaver.launcher.DBeaverLauncher.run(DBeaverLauncher.java:1459)
Caused by: org.eclipse.jface.text.BadLocationException: -1
	at org.eclipse.jface.text.TreeLineTracker.getLineInformationOfOffset(TreeLineTracker.java:1124)
	at org.eclipse.jface.text.AbstractLineTracker.getLineInformationOfOffset(AbstractLineTracker.java:234)
	at org.eclipse.jface.text.AbstractDocument.getLineInformationOfOffset(AbstractDocument.java:878)
	at org.eclipse.core.internal.filebuffers.SynchronizableDocument.getLineInformationOfOffset(SynchronizableDocument.java:301)
	at org.eclipse.jface.text.source.projection.ProjectionViewer.toLineStart(ProjectionViewer.java:678)
	at org.eclipse.jface.text.source.projection.ProjectionViewer.addMasterDocumentRange(ProjectionViewer.java:625)
	at org.eclipse.jface.text.source.projection.ProjectionViewer.reinitializeProjection(ProjectionViewer.java:1198)
	at org.eclipse.jface.text.source.projection.ProjectionViewer.catchupWithProjectionAnnotationModel(ProjectionViewer.java:937)
	at org.eclipse.jface.text.source.projection.ProjectionViewer.lambda$0(ProjectionViewer.java:895)
	... 25 more
2024-09-12 09:23:13.603 - Error while analyzing query text: -- 5) CHECK : 값의 범위 또는 패턴을 정의할 때 사용
CREATE TABLE TABLE_CHECK(
	LOGIN_ID VARCHAR2(20)  PRIMARY KEY,
	LOGIN_PWD VARCHAR2(20) CONSTRAINT TBLCK_LGNPW_CK CHECK (LENGTH(LOGIN_PWD)>=3), -- 길이가 3이상
	TEL VARCHAR2(20)
)
java.lang.UnsupportedOperationException: Search condition or value expression expected while facing with CHECK
	at org.jkiss.dbeaver.model.sql.semantics.SQLQueryModelRecognizer.collectValueExpression(SQLQueryModelRecognizer.java:503)
	at org.jkiss.dbeaver.model.sql.semantics.model.ddl.SQLQueryColumnSpec.recognize(SQLQueryColumnSpec.java:160)
	at org.jkiss.dbeaver.model.sql.semantics.model.ddl.SQLQueryTableCreateModel.recognize(SQLQueryTableCreateModel.java:158)
	at org.jkiss.dbeaver.model.sql.semantics.SQLQueryModelRecognizer.recognizeQuery(SQLQueryModelRecognizer.java:132)
	at org.jkiss.dbeaver.model.sql.semantics.SQLQueryModelRecognizer.recognizeQuery(SQLQueryModelRecognizer.java:748)
	at org.jkiss.dbeaver.ui.editors.sql.semantics.SQLBackgroundParsingJob.doWork(SQLBackgroundParsingJob.java:583)
	at org.jkiss.dbeaver.ui.editors.sql.semantics.SQLBackgroundParsingJob$1.run(SQLBackgroundParsingJob.java:92)
	at org.jkiss.dbeaver.model.runtime.AbstractJob.run(AbstractJob.java:117)
	at org.eclipse.core.internal.jobs.Worker.run(Worker.java:63)
2024-09-12 09:23:16.422 - Error while analyzing query text: -- 5) CHECK : 값의 범위 또는 패턴을 정의할 때 사용
CREATE TABLE TABLE_CHECK(
	LOGIN_ID VARCHAR2(20)  PRIMARY KEY,
	LOGIN_PWD VARCHAR2(20) CONSTRAINT TBLCK_LGNPW_CK CHECK (LENGTH(LOGIN_PWD)>=3), -- 길이가 3이상
	TEL VARCHAR2(20)
)
java.lang.UnsupportedOperationException: Search condition or value expression expected while facing with CHECK
	at org.jkiss.dbeaver.model.sql.semantics.SQLQueryModelRecognizer.collectValueExpression(SQLQueryModelRecognizer.java:503)
	at org.jkiss.dbeaver.model.sql.semantics.model.ddl.SQLQueryColumnSpec.recognize(SQLQueryColumnSpec.java:160)
	at org.jkiss.dbeaver.model.sql.semantics.model.ddl.SQLQueryTableCreateModel.recognize(SQLQueryTableCreateModel.java:158)
	at org.jkiss.dbeaver.model.sql.semantics.SQLQueryModelRecognizer.recognizeQuery(SQLQueryModelRecognizer.java:132)
	at org.jkiss.dbeaver.model.sql.semantics.SQLQueryModelRecognizer.recognizeQuery(SQLQueryModelRecognizer.java:748)
	at org.jkiss.dbeaver.ui.editors.sql.semantics.SQLBackgroundParsingJob.doWork(SQLBackgroundParsingJob.java:583)
	at org.jkiss.dbeaver.ui.editors.sql.semantics.SQLBackgroundParsingJob$1.run(SQLBackgroundParsingJob.java:92)
	at org.jkiss.dbeaver.model.runtime.AbstractJob.run(AbstractJob.java:117)
	at org.eclipse.core.internal.jobs.Worker.run(Worker.java:63)
2024-09-12 09:23:37.005 - Error while analyzing query text: -- 5) CHECK : 값의 범위 또는 패턴을 정의할 때 사용
CREATE TABLE TABLE_CHECK(
	LOGIN_ID VARCHAR2(20)  PRIMARY KEY,
	LOGIN_PWD VARCHAR2(20) CONSTRAINT TBLCK_LGNPW_CK CHECK (LENGTH(LOGIN_PWD)>=3), -- 길이가 3이상
	TEL VARCHAR2(20)
)
java.lang.UnsupportedOperationException: Search condition or value expression expected while facing with CHECK
	at org.jkiss.dbeaver.model.sql.semantics.SQLQueryModelRecognizer.collectValueExpression(SQLQueryModelRecognizer.java:503)
	at org.jkiss.dbeaver.model.sql.semantics.model.ddl.SQLQueryColumnSpec.recognize(SQLQueryColumnSpec.java:160)
	at org.jkiss.dbeaver.model.sql.semantics.model.ddl.SQLQueryTableCreateModel.recognize(SQLQueryTableCreateModel.java:158)
	at org.jkiss.dbeaver.model.sql.semantics.SQLQueryModelRecognizer.recognizeQuery(SQLQueryModelRecognizer.java:132)
	at org.jkiss.dbeaver.model.sql.semantics.SQLQueryModelRecognizer.recognizeQuery(SQLQueryModelRecognizer.java:748)
	at org.jkiss.dbeaver.ui.editors.sql.semantics.SQLBackgroundParsingJob.doWork(SQLBackgroundParsingJob.java:583)
	at org.jkiss.dbeaver.ui.editors.sql.semantics.SQLBackgroundParsingJob$1.run(SQLBackgroundParsingJob.java:92)
	at org.jkiss.dbeaver.model.runtime.AbstractJob.run(AbstractJob.java:117)
	at org.eclipse.core.internal.jobs.Worker.run(Worker.java:63)
2024-09-12 09:25:15.253 - Execution context closed (test1, 15)
2024-09-12 09:25:52.950 - Execution context opened (test1; SQLEditor <Script-1.sql>; 16)
2024-09-12 09:26:10.803 - Execution context closed (test1, 16)
2024-09-12 09:27:38.277 - Execution context opened (system; SQLEditor <Script.sql>; 17)
2024-09-12 09:27:40.646 - Execution context opened (test1; SQLEditor <Script.sql>; 18)
2024-09-12 09:27:40.656 - Execution context closed (system, 17)
2024-09-12 09:29:17.644 - Execution context closed (system, 4)
2024-09-12 09:29:17.681 - Execution context closed (scott, 5)
2024-09-12 09:29:17.718 - Execution context closed (hr, 13)
2024-09-12 09:29:17.763 - Execution context closed (test1, 18)
2024-09-12 09:29:18.007 - DBeaver is stopping
2024-09-12 09:29:18.012 - Stop instance server
2024-09-12 09:29:19.020 - DBeaver shutdown completed
