2024-09-12 12:36:56.791 - DBeaver 24.2.0.202409011551 is starting
2024-09-12 12:36:56.792 - OS: Windows 10 10.0 (amd64)
2024-09-12 12:36:56.792 - Java version: 17.0.6 by Eclipse Adoptium (64bit)
2024-09-12 12:36:56.793 - Install path: 'C:\Program Files\DBeaver'
2024-09-12 12:36:56.793 - Instance path: 'file:/C:/source/oraclesource/'
2024-09-12 12:36:56.794 - Memory available 64Mb/1024Mb
2024-09-12 12:36:56.806 - Create display
2024-09-12 12:36:56.909 - Initialize desktop platform...
2024-09-12 12:36:56.917 - send collected statistics
2024-09-12 12:36:57.056 - BounceCastle bundle found. Use JCE provider BC
> Start Core File Systems [org.eclipse.core.filesystem 1.10.400.v20240426-1040]
> Start Core Resource Management [org.eclipse.core.resources 3.20.200.v20240513-1323]
> Start 팀 지원 핵심 [org.eclipse.team.core 3.10.400.v20240413-1529]
> Start DBeaver UI Navigator [org.jkiss.dbeaver.ui.navigator 1.0.138.202409011551]
2024-09-12 12:36:57.323 - Initialize base platform...
2024-09-12 12:36:57.356 - Platform initialized (447ms)
> Start DBeaver UI Editors - Base [org.jkiss.dbeaver.ui.editors.base 1.0.138.202409011551]
2024-09-12 12:36:57.402 - Starting instance server at http://localhost:51419
2024-09-12 12:36:57.419 - Run workbench
> Start Eclipse e4 작업영역 SWT [org.eclipse.e4.ui.workbench.swt 0.17.400.v20240425-0840]
> Start Eclipse Application Services [org.eclipse.e4.core.services 2.4.400.v20240413-1529]
> Start Eclipse UI Application Services [org.eclipse.e4.ui.services 1.6.300.v20231201-1637]
> Start Eclipse e4 Progress View [org.eclipse.e4.ui.progress 0.4.400.v20240424-0956]
> Start Eclipse Bindings Support [org.eclipse.e4.ui.bindings 0.14.400.v20240321-1245]
> Start Eclipse e4 core commands [org.eclipse.e4.core.commands 1.1.400.v20240424-0444]
> Start EMF XML/XMI Persistence [org.eclipse.emf.ecore.xmi 2.37.0.v20231208-1346]
> Start Eclipse CSS SWT Theme Support [org.eclipse.e4.ui.css.swt.theme 0.14.400.v20240424-0956]
> Start Eclipse e4 작업영역 기능 추가 [org.eclipse.e4.ui.workbench.addons.swt 1.5.400.v20240416-0658]
Warning: NLS unused message: 이유 in: org.eclipse.ui.internal.messages
> Start Eclipse e4 작업영역 SWT 렌더러 [org.eclipse.e4.ui.workbench.renderers.swt 0.16.400.v20240418-1547]
> Start Eclipse Dependency Injection Extensions [org.eclipse.e4.core.di.extensions 0.18.300.v20240413-1529]
> Start Eclipse CSS SWT Support [org.eclipse.e4.ui.css.swt 0.15.400.v20240321-1245]
> Start 기본 문서 편집기 [org.eclipse.ui.editors 3.17.300.v20240524-2010]
> Start 텍스트 편집기 프레임워크 [org.eclipse.ui.workbench.texteditor 3.17.400.v20240524-2010]
2024-09-12 12:37:06.275 - Configure workbench window
> Start DBeaver SQL Model [org.jkiss.dbeaver.model.sql 1.0.128.202409011551]
2024-09-12 12:37:06.438 - Total database drivers: 119 (119)
> Start 도움말 시스템 코어 [org.eclipse.help 3.10.400.v20240415-0528]
2024-09-12 12:37:06.571 - Create actions
2024-09-12 12:37:06.576 - Disable Eclipse action set 'org.eclipse.ui.edit.text.actionSet.annotationNavigation'
2024-09-12 12:37:06.577 - Disable Eclipse action set 'org.eclipse.ui.WorkingSetActionSet'
2024-09-12 12:37:06.577 - Disable Eclipse action set 'org.eclipse.ui.actionSet.openFiles'
2024-09-12 12:37:06.578 - Create workbench actions
2024-09-12 12:37:07.030 - Initialize workbench window
2024-09-12 12:37:07.038 - Finish initialization
> Start DBeaver UI Editors - Data [org.jkiss.dbeaver.ui.editors.data 1.0.138.202409011551]
Warning: NLS unused message: actions_navigator__objects in: org.jkiss.dbeaver.ui.editors.sql.internal.SQLEditorMessages
> Start DBeaver UI Editors - SQL [org.jkiss.dbeaver.ui.editors.sql 1.0.138.202409011551]
Warning: NLS unused message: FindReplace_title in: org.eclipse.ui.texteditor.EditorMessages
Warning: NLS unused message: FindReplace_Find_label in: org.eclipse.ui.texteditor.EditorMessages
Warning: NLS unused message: FindReplace_Replace_label in: org.eclipse.ui.texteditor.EditorMessages
Warning: NLS unused message: FindReplace_Direction in: org.eclipse.ui.texteditor.EditorMessages
Warning: NLS unused message: FindReplace_ForwardRadioButton_label in: org.eclipse.ui.texteditor.EditorMessages
Warning: NLS unused message: FindReplace_BackwardRadioButton_label in: org.eclipse.ui.texteditor.EditorMessages
Warning: NLS unused message: FindReplace_Scope in: org.eclipse.ui.texteditor.EditorMessages
Warning: NLS unused message: FindReplace_GlobalRadioButton_label in: org.eclipse.ui.texteditor.EditorMessages
Warning: NLS unused message: FindReplace_SelectedRangeRadioButton_label in: org.eclipse.ui.texteditor.EditorMessages
Warning: NLS unused message: FindReplace_Options in: org.eclipse.ui.texteditor.EditorMessages
Warning: NLS unused message: FindReplace_CaseCheckBox_label in: org.eclipse.ui.texteditor.EditorMessages
Warning: NLS unused message: FindReplace_WrapCheckBox_label in: org.eclipse.ui.texteditor.EditorMessages
Warning: NLS unused message: FindReplace_WholeWordCheckBox_label in: org.eclipse.ui.texteditor.EditorMessages
Warning: NLS unused message: FindReplace_IncrementalCheckBox_label in: org.eclipse.ui.texteditor.EditorMessages
Warning: NLS unused message: FindReplace_RegExCheckbox_label in: org.eclipse.ui.texteditor.EditorMessages
Warning: NLS unused message: FindReplace_FindNextButton_label in: org.eclipse.ui.texteditor.EditorMessages
Warning: NLS unused message: FindReplace_ReplaceFindButton_label in: org.eclipse.ui.texteditor.EditorMessages
Warning: NLS unused message: FindReplace_ReplaceSelectionButton_label in: org.eclipse.ui.texteditor.EditorMessages
Warning: NLS unused message: FindReplace_ReplaceAllButton_label in: org.eclipse.ui.texteditor.EditorMessages
Warning: NLS unused message: FindReplace_SelectAllButton_label in: org.eclipse.ui.texteditor.EditorMessages
Warning: NLS unused message: FindReplace_CloseButton_label in: org.eclipse.ui.texteditor.EditorMessages
Warning: NLS unused message: FindReplace_Status_replacements_label in: org.eclipse.ui.texteditor.EditorMessages
> Start DBeaver SQL Terminal [org.jkiss.dbeaver.ui.editors.sql.terminal 1.0.114.202409011551]
> Start 핵심 비교 지원 [org.eclipse.compare.core 3.8.500.v20240524-2010]
> Start 인터넷 연결 관리 사용자 인터페이스 [org.eclipse.ui.net 1.5.400.v20240413-1529]
> Start Internet Connection Management [org.eclipse.core.net 1.5.400.v20240413-1529]
> Start DBeaver Sample Database [org.jkiss.dbeaver.ext.sample.database 1.0.175.202409011551]
> Start DBeaver Tip of the day [org.jkiss.dbeaver.ext.ui.tipoftheday 1.0.144.202409011551]
> Start GEF Classic Draw2d [org.eclipse.draw2d 3.16.0.202405290843]
> Start GEF Classic GEF (MVC) [org.eclipse.gef 3.18.0.202405290843]
> Start DBeaver ERD UI [org.jkiss.dbeaver.erd.ui 3.0.98.202409011551]
> Start DBeaver ERD Model [org.jkiss.dbeaver.erd.model 1.0.98.202409011551]
> Start DBeaver Dashboard UI [org.jkiss.dbeaver.ui.dashboard 1.0.135.202409011551]
> Start DBeaver Dashboards Model [org.jkiss.dbeaver.model.dashboard 1.0.11.202409011551]
> Start DBeaver JDBC Model [org.jkiss.dbeaver.model.jdbc 1.0.31.202409011551]
> Start DBeaver Oracle Model [org.jkiss.dbeaver.ext.oracle 2.1.223.202409011551]
> Start 콘솔 [org.eclipse.ui.console 3.14.100.v20240429-1358]
> Start 디버그 핵심 [org.eclipse.debug.core 3.21.400.v20240415-0528]
> Start DBeaver Tasks - Native Tools UI [org.jkiss.dbeaver.tasks.native.ui 1.0.116.202409011551]
> Start DBeaver Oracle UI [org.jkiss.dbeaver.ext.oracle.ui 1.0.125.202409011551]
> Start DBeaver Tasks - General UI [org.jkiss.dbeaver.tasks.ui 1.0.116.202409011551]
> Start DBeaver UI Editors - Connections [org.jkiss.dbeaver.ui.editors.connection 1.0.129.202409011551]
2024-09-12 12:37:11.040 - Connect with 'test1' (oracle_thin-191e39927ba-20bacacf4a600350)
2024-09-12 12:37:11.060 - Connect with 'system' (oracle_thin-191bfcf2037-16b2901f5eb359e4)
2024-09-12 12:37:11.089 - Execution context opened (test1; Main; 0)
2024-09-12 12:37:11.090 - Execution context opened (system; Main; 1)
> Start DBeaver SQL Language Semantic Model [org.jkiss.dbeaver.model.lsm 1.0.33.202409011551]
2024-09-12 12:37:12.345 - Execution context opened (test1; Metadata; 2)
2024-09-12 12:37:12.345 - Execution context opened (system; Metadata; 3)
2024-09-12 12:37:12.462 - Connected (oracle_thin-191e39927ba-20bacacf4a600350, Oracle JDBC driver [21.3.0.0.0])
2024-09-12 12:37:12.464 - Connected (oracle_thin-191bfcf2037-16b2901f5eb359e4, Oracle JDBC driver [21.3.0.0.0])
2024-09-12 12:37:12.465 - Execution context opened (test1; SQLEditor <test1.sql>; 4)
2024-09-12 12:37:12.480 - Execution context opened (system; SQLEditor <system.sql>; 5)
2024-09-12 12:38:21.349 - Connect with 'scott' (oracle_thin-191bfd75526-18854a8b579ccb1b)
2024-09-12 12:38:21.352 - Execution context opened (scott; Main; 6)
2024-09-12 12:38:21.415 - Execution context opened (scott; Metadata; 7)
2024-09-12 12:38:21.457 - Connected (oracle_thin-191bfd75526-18854a8b579ccb1b, Oracle JDBC driver [21.3.0.0.0])
2024-09-12 12:47:52.415 - Execution context closed (system, 5)
2024-09-12 12:47:52.456 - Execution context closed (test1, 4)
2024-09-12 12:47:52.696 - DBeaver is stopping
2024-09-12 12:47:52.697 - Stop instance server
2024-09-12 12:47:53.709 - DBeaver shutdown completed
